Using pre-set license
Built from '2022.1/staging' branch; Version is '2022.1.16f1 (7321c9670bc2) revision 7545289'; Using compiler version '192829333'; Build Type 'Release'
OS: 'Windows 10  (10.0.19044) 64bit CoreSingleLanguage' Language: 'es' Physical Memory: 11717 MB
BatchMode: 1, IsHumanControllingUs: 0, StartBugReporterOnCrash: 0, Is64bit: 1, IsPro: 1

COMMAND LINE ARGUMENTS:
C:\Program Files\Unity\Hub\Editor\2022.1.16f1\Editor\Unity.exe
-adb2
-batchMode
-noUpm
-name
AssetImportWorker376
-projectPath
C:/Users/Roberto/Documents/GitHub/Taller3D_4/Taller3D_4
-logFile
Logs/AssetImportWorker376.log
-srvPort
50289
Successfully changed project path to: C:/Users/Roberto/Documents/GitHub/Taller3D_4/Taller3D_4
C:/Users/Roberto/Documents/GitHub/Taller3D_4/Taller3D_4
[UnityMemory] Configuration Parameters - Can be set up in boot.config
    "memorysetup-bucket-allocator-granularity=16"
    "memorysetup-bucket-allocator-bucket-count=8"
    "memorysetup-bucket-allocator-block-size=33554432"
    "memorysetup-bucket-allocator-block-count=8"
    "memorysetup-main-allocator-block-size=16777216"
    "memorysetup-thread-allocator-block-size=16777216"
    "memorysetup-gfx-main-allocator-block-size=16777216"
    "memorysetup-gfx-thread-allocator-block-size=16777216"
    "memorysetup-cache-allocator-block-size=4194304"
    "memorysetup-typetree-allocator-block-size=2097152"
    "memorysetup-profiler-bucket-allocator-granularity=16"
    "memorysetup-profiler-bucket-allocator-bucket-count=8"
    "memorysetup-profiler-bucket-allocator-block-size=33554432"
    "memorysetup-profiler-bucket-allocator-block-count=8"
    "memorysetup-profiler-allocator-block-size=16777216"
    "memorysetup-profiler-editor-allocator-block-size=1048576"
    "memorysetup-temp-allocator-size-main=16777216"
    "memorysetup-job-temp-allocator-block-size=2097152"
    "memorysetup-job-temp-allocator-block-size-background=1048576"
    "memorysetup-job-temp-allocator-reduction-small-platforms=262144"
    "memorysetup-temp-allocator-size-background-worker=32768"
    "memorysetup-temp-allocator-size-job-worker=262144"
    "memorysetup-temp-allocator-size-preload-manager=33554432"
    "memorysetup-temp-allocator-size-nav-mesh-worker=65536"
    "memorysetup-temp-allocator-size-audio-worker=65536"
    "memorysetup-temp-allocator-size-cloud-worker=32768"
    "memorysetup-temp-allocator-size-gi-baking-worker=262144"
    "memorysetup-temp-allocator-size-gfx=262144"
mdb reader table full -> cleaning up stale readers. Current readers:
    pid     thread     txnid
      4688 43b8 -
      5292 5534 -
      7032 3128 -
      4688 2144 -
      9672 2900 -
     19136 4ffc -
     11680 1530 -
     18696 4f04 -
     23412 43cc -
      8316 53e0 -
     21884 2e88 -
     19644 988 -
      4428 2dbc -
     13816 4da8 -
     16940 28a8 -
      6412 4f28 -
      8032 4fcc -
     12924 5a44 -
     20756 3a38 -
     16132 26b0 -
     10700 3358 -
     14660 4428 -
     10072 3e6c -
     17156 2c9c -
     17852 1b54 -
     17940 4e9c -
     19800 32f0 -
     15804 2a08 -
      6480 5a7c -
     12132 2630 -
     22804 4ddc -
     13452 1a54 -
      7112 4468 -
     13352 5204 -
     15576 4c3c -
     10932 1930 -
     10104 26a0 -
     11608 48e8 5868
     18160 146c -
      1576 2564 -
     15680 1d08 -
     20736 55a4 -
      3596 1934 -
     13104 3418 -
     10196 2d20 -
      6876 2990 5876
     21192 53a4 -
     12428 4f54 -
      8384 f54 -
     19928 254c -
      4172 19e4 -
     12004 511c -
      9844 3af4 -
     16772 a34 -
     22964 1894 -
     12524 5464 -
     11952 1ae8 -
     20732 5bd8 -
     21804 3464 -
     23220 541c -
     23080 2650 -
       556 29e4 -
     22328 2f34 -
     22600 515c -
      3988 1040 -
     16136 5b04 -
     21908 118c -
      5664 2850 -
     21424 2a0 -
     19424 20dc -
     15244 4b74 -
     15728 152c -
     12760 1b58 -
     17096 2f40 -
       720 4790 -
     24396 5f50 -
     23700 5c90 -
     23600 b78 -
     22704 4e48 -
     14780 569c -
     24372 239c -
     16576 5f00 -
     11532 162c -
     24256 5f04 -
     23892 1578 -
     24552 1154 -
     19904 3564 -
     22096 eb4 -
     23976 5d0c -
     22160 2574 -
     23024 5d24 -
     24020 5d38 -
     21236 5e0c -
     10872 3208 -
     23896 3300 -
     23760 5c14 -
     15876 5fc8 -
     23804 4918 -
      8564 5ecc -
     20176 3e80 -
     24136 5134 -
     17888 42f0 -
     24284 5154 -
     16400 1e74 -
     24548 5f68 -
     21592 5b14 -
     18800 1a8 -
     19632 528 -
     23640 5664 -
      1556 5c8 -
     18312 12fc -
      8888 37ac -
     21792 5d80 -
     23748 3110 -
     24196 4120 -
      1952 5d04 -
      6716 147c -
     24568 15f4 -
      6264 54dc 5949
     15008 5c28 -
     19588 5dac -
      9944 638 -
     13696 244c -
      7288 34cc -
     23724 3c44 -
     23660 e10 -
Cleaned out 121 stale readers
Refreshing native plugins compatible for Editor in 3295.22 ms, found 2 plugins.
Preloading 0 native plugins for Editor in 0.00 ms.
Initialize engine version: 2022.1.16f1 (7321c9670bc2)
[Subsystems] Discovering subsystems at path C:/Program Files/Unity/Hub/Editor/2022.1.16f1/Editor/Data/Resources/UnitySubsystems
[Subsystems] Discovering subsystems at path C:/Users/Roberto/Documents/GitHub/Taller3D_4/Taller3D_4/Assets
GfxDevice: creating device client; threaded=0; jobified=0
Direct3D:
    Version:  Direct3D 11.0 [level 11.1]
    Renderer: AMD Radeon R7 Graphics (ID=0x9874)
    Vendor:   ATI
    VRAM:     5858 MB
    Driver:   27.20.14501.28009
Initialize mono
Mono path[0] = 'C:/Program Files/Unity/Hub/Editor/2022.1.16f1/Editor/Data/Managed'
Mono path[1] = 'C:/Program Files/Unity/Hub/Editor/2022.1.16f1/Editor/Data/MonoBleedingEdge/lib/mono/unityjit-win32'
Mono config path = 'C:/Program Files/Unity/Hub/Editor/2022.1.16f1/Editor/Data/MonoBleedingEdge/etc'
Using monoOptions --debugger-agent=transport=dt_socket,embedding=1,server=y,suspend=n,address=127.0.0.1:56940
Begin MonoManager ReloadAssembly
Registering precompiled unity dll's ...
Register platform support module: C:/Program Files/Unity/Hub/Editor/2022.1.16f1/Editor/Data/PlaybackEngines/WindowsStandaloneSupport/UnityEditor.WindowsStandalone.Extensions.dll
Registered in 0.085183 seconds.
Native extension for WindowsStandalone target not found
Refreshing native plugins compatible for Editor in 370.06 ms, found 2 plugins.
Preloading 0 native plugins for Editor in 0.00 ms.
Mono: successfully reloaded assembly
- Completed reload, in 13.757 seconds
Domain Reload Profiling:
	ReloadAssembly (13766ms)
		BeginReloadAssembly (2205ms)
			ExecutionOrderSort (0ms)
			DisableScriptedObjects (0ms)
			BackupInstance (0ms)
			ReleaseScriptingObjects (0ms)
			CreateAndSetChildDomain (17ms)
		EndReloadAssembly (9380ms)
			LoadAssemblies (2125ms)
			RebuildTransferFunctionScriptingTraits (0ms)
			SetupTypeCache (2915ms)
				TypeCache.Initialize (2911ms)
					TypeCache.ScanAssembly (2859ms)
				ResolveRequiredComponents (4ms)
			ReleaseScriptCaches (0ms)
			RebuildScriptCaches (464ms)
			SetupLoadedEditorAssemblies (5058ms)
				LogAssemblyErrors (0ms)
				InitializePlatformSupportModulesInManaged (60ms)
				SetLoadedEditorAssemblies (42ms)
				RefreshPlugins (370ms)
				BeforeProcessingInitializeOnLoad (70ms)
				ProcessInitializeOnLoadAttributes (4091ms)
				ProcessInitializeOnLoadMethodAttributes (425ms)
				AfterProcessingInitializeOnLoad (0ms)
				EditorAssembliesLoaded (1ms)
			ExecutionOrderSort2 (0ms)
			AwakeInstancesAfterBackupRestoration (0ms)
Platform modules already initialized, skipping
Registering precompiled user dll's ...
Registered in 0.211289 seconds.
