Using pre-set license
Built from '2022.1/staging' branch; Version is '2022.1.16f1 (7321c9670bc2) revision 7545289'; Using compiler version '192829333'; Build Type 'Release'
OS: 'Windows 10  (10.0.19044) 64bit CoreSingleLanguage' Language: 'es' Physical Memory: 11717 MB
BatchMode: 1, IsHumanControllingUs: 0, StartBugReporterOnCrash: 0, Is64bit: 1, IsPro: 1

COMMAND LINE ARGUMENTS:
C:\Program Files\Unity\Hub\Editor\2022.1.16f1\Editor\Unity.exe
-adb2
-batchMode
-noUpm
-name
AssetImportWorker251
-projectPath
C:/Users/Roberto/Documents/GitHub/Taller3D_4/Taller3D_4
-logFile
Logs/AssetImportWorker251.log
-srvPort
50289
Successfully changed project path to: C:/Users/Roberto/Documents/GitHub/Taller3D_4/Taller3D_4
C:/Users/Roberto/Documents/GitHub/Taller3D_4/Taller3D_4
[UnityMemory] Configuration Parameters - Can be set up in boot.config
    "memorysetup-bucket-allocator-granularity=16"
    "memorysetup-bucket-allocator-bucket-count=8"
    "memorysetup-bucket-allocator-block-size=33554432"
    "memorysetup-bucket-allocator-block-count=8"
    "memorysetup-main-allocator-block-size=16777216"
    "memorysetup-thread-allocator-block-size=16777216"
    "memorysetup-gfx-main-allocator-block-size=16777216"
    "memorysetup-gfx-thread-allocator-block-size=16777216"
    "memorysetup-cache-allocator-block-size=4194304"
    "memorysetup-typetree-allocator-block-size=2097152"
    "memorysetup-profiler-bucket-allocator-granularity=16"
    "memorysetup-profiler-bucket-allocator-bucket-count=8"
    "memorysetup-profiler-bucket-allocator-block-size=33554432"
    "memorysetup-profiler-bucket-allocator-block-count=8"
    "memorysetup-profiler-allocator-block-size=16777216"
    "memorysetup-profiler-editor-allocator-block-size=1048576"
    "memorysetup-temp-allocator-size-main=16777216"
    "memorysetup-job-temp-allocator-block-size=2097152"
    "memorysetup-job-temp-allocator-block-size-background=1048576"
    "memorysetup-job-temp-allocator-reduction-small-platforms=262144"
    "memorysetup-temp-allocator-size-background-worker=32768"
    "memorysetup-temp-allocator-size-job-worker=262144"
    "memorysetup-temp-allocator-size-preload-manager=33554432"
    "memorysetup-temp-allocator-size-nav-mesh-worker=65536"
    "memorysetup-temp-allocator-size-audio-worker=65536"
    "memorysetup-temp-allocator-size-cloud-worker=32768"
    "memorysetup-temp-allocator-size-gi-baking-worker=262144"
    "memorysetup-temp-allocator-size-gfx=262144"
mdb reader table full -> cleaning up stale readers. Current readers:
    pid     thread     txnid
      4688 43b8 1853
      7124 c3c -
      4688 180c -
     22764 50e0 -
     22788 5194 -
      4688 2144 -
      4896 1164 -
     14472 105c -
     16880 205c -
      6900 50a0 1739
     21416 4374 -
      6860 36c0 -
      6968 571c -
      7824 cac -
     15508 3040 -
      5428 3474 -
     10748 4d28 -
     18224 2c4 -
     11692 4a8c -
      6576 589c -
      2412 3fe4 -
       748 1a20 -
     10944 4840 -
      3524 44cc -
      6220 5ad8 -
     21732 1978 -
     22828 c8c -
       440 262c -
       268 394c -
     14856 56f0 -
     13432 3b80 -
     16228 4498 -
     17584 22c0 -
      5872 27e4 -
     21428 19a4 -
     12412 2b14 -
     11256 2c84 -
     19232 84 -
     13584 b70 -
      4328 59a8 -
     22448 4d7c 1770
      8116 c44 -
     18816 2264 1771
     23260 be4 -
     23356 4e20 -
     16140 53f0 -
     17380 5588 -
     16056 2260 -
      7820 190 -
     10416 248c -
     18608 54c4 -
     20612 1380 -
     20972 5528 -
     22988 4524 -
     18692 1888 -
      5908 3ea4 -
      4952 1b68 -
     20276 31dc -
      2768 36d4 -
     11544 256c -
     13932 4c8c -
     15908 1ad0 -
       740 157c -
     20524 2f28 -
      7416 2f38 -
     13944 5748 -
     13224 1b94 -
      5896 4ec8 -
     20056 3e00 -
     19980 11d4 -
     23264 2b54 -
     12060 4c34 -
     15260 4d14 -
     19288 588 -
     10776 5700 -
     16532 593c -
     20864 4618 -
      9112 3410 -
     13448 1830 -
     14388 43c -
     18544 27fc -
     19268 2464 -
     11016 3e28 -
     17248 2e8c -
      6912 1430 -
      2288 56a4 -
     11616 51f4 -
     10548 3368 -
     11812 45b8 -
     19428 718 -
     16112 1384 -
     21280 5610 -
     12312 283c -
     11284 4acc -
     18784 2cc8 -
     13784 4dd0 -
     19476 5730 -
     19972 2e78 -
     17104 1c8c -
     21776 107c -
     20332 15ec -
     22140 4130 -
     19680 18c8 -
     10772 2e68 -
     21752 33d4 -
     21796 1cd8 -
     16808 4d34 -
     10888 503c -
      1740 3048 -
      5492 1624 -
      4584 4bdc -
     16840 2dc4 -
     17008 4854 -
      6588 42f4 -
     21012 3498 -
     10508 22fc -
     21712 3c0c -
     20560 56a8 -
     22948 4a18 -
     13860 4bac -
       644 408 -
     12864 5b60 -
      1624 560 -
     21288 4600 -
     10220 301c -
     10084 364c -
Cleaned out 120 stale readers
Refreshing native plugins compatible for Editor in 403.12 ms, found 2 plugins.
Preloading 0 native plugins for Editor in 0.00 ms.
Initialize engine version: 2022.1.16f1 (7321c9670bc2)
[Subsystems] Discovering subsystems at path C:/Program Files/Unity/Hub/Editor/2022.1.16f1/Editor/Data/Resources/UnitySubsystems
[Subsystems] Discovering subsystems at path C:/Users/Roberto/Documents/GitHub/Taller3D_4/Taller3D_4/Assets
GfxDevice: creating device client; threaded=0; jobified=0
Direct3D:
    Version:  Direct3D 11.0 [level 11.1]
    Renderer: AMD Radeon R7 Graphics (ID=0x9874)
    Vendor:   ATI
    VRAM:     5858 MB
    Driver:   27.20.14501.28009
Initialize mono
Mono path[0] = 'C:/Program Files/Unity/Hub/Editor/2022.1.16f1/Editor/Data/Managed'
Mono path[1] = 'C:/Program Files/Unity/Hub/Editor/2022.1.16f1/Editor/Data/MonoBleedingEdge/lib/mono/unityjit-win32'
Mono config path = 'C:/Program Files/Unity/Hub/Editor/2022.1.16f1/Editor/Data/MonoBleedingEdge/etc'
Using monoOptions --debugger-agent=transport=dt_socket,embedding=1,server=y,suspend=n,address=127.0.0.1:56532
Begin MonoManager ReloadAssembly
Registering precompiled unity dll's ...
Register platform support module: C:/Program Files/Unity/Hub/Editor/2022.1.16f1/Editor/Data/PlaybackEngines/WindowsStandaloneSupport/UnityEditor.WindowsStandalone.Extensions.dll
Registered in 0.135015 seconds.
Native extension for WindowsStandalone target not found
Refreshing native plugins compatible for Editor in 474.37 ms, found 2 plugins.
Preloading 0 native plugins for Editor in 0.00 ms.
Mono: successfully reloaded assembly
- Completed reload, in  7.399 seconds
Domain Reload Profiling:
	ReloadAssembly (7402ms)
		BeginReloadAssembly (2387ms)
			ExecutionOrderSort (0ms)
			DisableScriptedObjects (0ms)
			BackupInstance (0ms)
			ReleaseScriptingObjects (0ms)
			CreateAndSetChildDomain (8ms)
		EndReloadAssembly (4098ms)
			LoadAssemblies (2106ms)
			RebuildTransferFunctionScriptingTraits (0ms)
			SetupTypeCache (970ms)
				TypeCache.Initialize (968ms)
					TypeCache.ScanAssembly (956ms)
				ResolveRequiredComponents (2ms)
			ReleaseScriptCaches (0ms)
			RebuildScriptCaches (267ms)
			SetupLoadedEditorAssemblies (2453ms)
				LogAssemblyErrors (0ms)
				InitializePlatformSupportModulesInManaged (128ms)
				SetLoadedEditorAssemblies (80ms)
				RefreshPlugins (475ms)
				BeforeProcessingInitializeOnLoad (11ms)
				ProcessInitializeOnLoadAttributes (1440ms)
				ProcessInitializeOnLoadMethodAttributes (317ms)
				AfterProcessingInitializeOnLoad (1ms)
				EditorAssembliesLoaded (2ms)
			ExecutionOrderSort2 (0ms)
			AwakeInstancesAfterBackupRestoration (0ms)
Platform modules already initialized, skipping
Registering precompiled user dll's ...
Registered in 0.055863 seconds.
